
*** Running vivado
    with args -log top_level.vds -m64 -product Vivado -mode batch -messageDb vivado.pb -notrace -source top_level.tcl



****** Vivado v2024.2 (64-bit)
  **** SW Build 5239630 on Fri Nov 08 22:35:27 MST 2024
  **** IP Build 5239520 on Sun Nov 10 16:12:51 MST 2024
  **** SharedData Build 5239561 on Fri Nov 08 14:39:27 MST 2024
  **** Start of session at: Mon May  4 18:04:55 2026
    ** Copyright 1986-2022 Xilinx, Inc. All Rights Reserved.
    ** Copyright 2022-2024 Advanced Micro Devices, Inc. All Rights Reserved.

source top_level.tcl -notrace
Command: synth_design -top top_level -part xc7a35ticpg236-1L
Starting synth_design
Attempting to get a license for feature 'Synthesis' and/or device 'xc7a35ti'
INFO: [Common 17-349] Got license for feature 'Synthesis' and/or device 'xc7a35ti'
INFO: [Device 21-403] Loading part xc7a35ticpg236-1L
INFO: [Synth 8-7079] Multithreading enabled for synth_design using a maximum of 2 processes.
INFO: [Synth 8-7078] Launching helper process for spawning children vivado processes
INFO: [Synth 8-7075] Helper process launched with PID 12928
---------------------------------------------------------------------------------
Starting RTL Elaboration : Time (s): cpu = 00:00:04 ; elapsed = 00:00:04 . Memory (MB): peak = 1025.477 ; gain = 467.672
---------------------------------------------------------------------------------
INFO: [Synth 8-638] synthesizing module 'top_level' [C:/Users/FateSerlen/Documents/PHR/Proyecto FPGA/FPGA_CNC_PROYECTO/FPGA_CNC/FPGA_CNC.srcs/sources_1/new/top_level.vhd:49]
	Parameter CLK_FREQ bound to: 100000000 - type: integer 
	Parameter BAUD_RATE bound to: 115200 - type: integer 
	Parameter MOTOR_FREQ bound to: 50000 - type: integer 
INFO: [Synth 8-3491] module 'divisor_reloj' declared at 'C:/Users/FateSerlen/Documents/PHR/Proyecto FPGA/FPGA_CNC_PROYECTO/FPGA_CNC/FPGA_CNC.srcs/sources_1/new/divisor_reloj.vhd:26' bound to instance 'Inst_Divisor' of component 'divisor_reloj' [C:/Users/FateSerlen/Documents/PHR/Proyecto FPGA/FPGA_CNC_PROYECTO/FPGA_CNC/FPGA_CNC.srcs/sources_1/new/top_level.vhd:114]
INFO: [Synth 8-638] synthesizing module 'divisor_reloj' [C:/Users/FateSerlen/Documents/PHR/Proyecto FPGA/FPGA_CNC_PROYECTO/FPGA_CNC/FPGA_CNC.srcs/sources_1/new/divisor_reloj.vhd:40]
	Parameter CLK_FREQ bound to: 100000000 - type: integer 
	Parameter BAUD_RATE bound to: 115200 - type: integer 
	Parameter MOTOR_FREQ bound to: 50000 - type: integer 
INFO: [Synth 8-256] done synthesizing module 'divisor_reloj' (0#1) [C:/Users/FateSerlen/Documents/PHR/Proyecto FPGA/FPGA_CNC_PROYECTO/FPGA_CNC/FPGA_CNC.srcs/sources_1/new/divisor_reloj.vhd:40]
	Parameter CLK_FREQ bound to: 100000000 - type: integer 
	Parameter BAUD_RATE bound to: 115200 - type: integer 
INFO: [Synth 8-3491] module 'uart_rx' declared at 'C:/Users/FateSerlen/Documents/PHR/Proyecto FPGA/FPGA_CNC_PROYECTO/FPGA_CNC/FPGA_CNC.srcs/sources_1/new/uart_rx.vhd:26' bound to instance 'Inst_UART_RX' of component 'uart_rx' [C:/Users/FateSerlen/Documents/PHR/Proyecto FPGA/FPGA_CNC_PROYECTO/FPGA_CNC/FPGA_CNC.srcs/sources_1/new/top_level.vhd:118]
INFO: [Synth 8-638] synthesizing module 'uart_rx' [C:/Users/FateSerlen/Documents/PHR/Proyecto FPGA/FPGA_CNC_PROYECTO/FPGA_CNC/FPGA_CNC.srcs/sources_1/new/uart_rx.vhd:40]
	Parameter CLK_FREQ bound to: 100000000 - type: integer 
	Parameter BAUD_RATE bound to: 115200 - type: integer 
INFO: [Synth 8-226] default block is never used [C:/Users/FateSerlen/Documents/PHR/Proyecto FPGA/FPGA_CNC_PROYECTO/FPGA_CNC/FPGA_CNC.srcs/sources_1/new/uart_rx.vhd:66]
INFO: [Synth 8-256] done synthesizing module 'uart_rx' (0#1) [C:/Users/FateSerlen/Documents/PHR/Proyecto FPGA/FPGA_CNC_PROYECTO/FPGA_CNC/FPGA_CNC.srcs/sources_1/new/uart_rx.vhd:40]
INFO: [Synth 8-3491] module 'fsm_main' declared at 'C:/Users/FateSerlen/Documents/PHR/Proyecto FPGA/FPGA_CNC_PROYECTO/FPGA_CNC/FPGA_CNC.srcs/sources_1/new/FSM_Main.vhd:25' bound to instance 'Inst_FSM_Main' of component 'fsm_main' [C:/Users/FateSerlen/Documents/PHR/Proyecto FPGA/FPGA_CNC_PROYECTO/FPGA_CNC/FPGA_CNC.srcs/sources_1/new/top_level.vhd:122]
INFO: [Synth 8-638] synthesizing module 'fsm_main' [C:/Users/FateSerlen/Documents/PHR/Proyecto FPGA/FPGA_CNC_PROYECTO/FPGA_CNC/FPGA_CNC.srcs/sources_1/new/FSM_Main.vhd:49]
INFO: [Synth 8-256] done synthesizing module 'fsm_main' (0#1) [C:/Users/FateSerlen/Documents/PHR/Proyecto FPGA/FPGA_CNC_PROYECTO/FPGA_CNC/FPGA_CNC.srcs/sources_1/new/FSM_Main.vhd:49]
	Parameter CLK_FREQ bound to: 100000000 - type: integer 
	Parameter BAUD_RATE bound to: 115200 - type: integer 
INFO: [Synth 8-3491] module 'uart_tx' declared at 'C:/Users/FateSerlen/Documents/PHR/Proyecto FPGA/FPGA_CNC_PROYECTO/FPGA_CNC/FPGA_CNC.srcs/sources_1/new/uart_tx.vhd:24' bound to instance 'Inst_UART_TX' of component 'uart_tx' [C:/Users/FateSerlen/Documents/PHR/Proyecto FPGA/FPGA_CNC_PROYECTO/FPGA_CNC/FPGA_CNC.srcs/sources_1/new/top_level.vhd:132]
INFO: [Synth 8-638] synthesizing module 'uart_tx' [C:/Users/FateSerlen/Documents/PHR/Proyecto FPGA/FPGA_CNC_PROYECTO/FPGA_CNC/FPGA_CNC.srcs/sources_1/new/uart_tx.vhd:44]
	Parameter CLK_FREQ bound to: 100000000 - type: integer 
	Parameter BAUD_RATE bound to: 115200 - type: integer 
INFO: [Synth 8-226] default block is never used [C:/Users/FateSerlen/Documents/PHR/Proyecto FPGA/FPGA_CNC_PROYECTO/FPGA_CNC/FPGA_CNC.srcs/sources_1/new/uart_tx.vhd:77]
INFO: [Synth 8-256] done synthesizing module 'uart_tx' (0#1) [C:/Users/FateSerlen/Documents/PHR/Proyecto FPGA/FPGA_CNC_PROYECTO/FPGA_CNC/FPGA_CNC.srcs/sources_1/new/uart_tx.vhd:44]
INFO: [Synth 8-3491] module 'bresenham_2d' declared at 'C:/Users/FateSerlen/Documents/PHR/Proyecto FPGA/FPGA_CNC_PROYECTO/FPGA_CNC/FPGA_CNC.srcs/sources_1/new/bresenham_3d.vhd:26' bound to instance 'Inst_Bresenham' of component 'bresenham_2d' [C:/Users/FateSerlen/Documents/PHR/Proyecto FPGA/FPGA_CNC_PROYECTO/FPGA_CNC/FPGA_CNC.srcs/sources_1/new/top_level.vhd:137]
INFO: [Synth 8-638] synthesizing module 'bresenham_2d' [C:/Users/FateSerlen/Documents/PHR/Proyecto FPGA/FPGA_CNC_PROYECTO/FPGA_CNC/FPGA_CNC.srcs/sources_1/new/bresenham_3d.vhd:46]
INFO: [Synth 8-256] done synthesizing module 'bresenham_2d' (0#1) [C:/Users/FateSerlen/Documents/PHR/Proyecto FPGA/FPGA_CNC_PROYECTO/FPGA_CNC/FPGA_CNC.srcs/sources_1/new/bresenham_3d.vhd:46]
INFO: [Synth 8-256] done synthesizing module 'top_level' (0#1) [C:/Users/FateSerlen/Documents/PHR/Proyecto FPGA/FPGA_CNC_PROYECTO/FPGA_CNC/FPGA_CNC.srcs/sources_1/new/top_level.vhd:49]
WARNING: [Synth 8-6014] Unused sequential element r_rx_buffer_reg[6] was removed.  [C:/Users/FateSerlen/Documents/PHR/Proyecto FPGA/FPGA_CNC_PROYECTO/FPGA_CNC/FPGA_CNC.srcs/sources_1/new/FSM_Main.vhd:95]
WARNING: [Synth 8-6014] Unused sequential element r_rx_buffer_reg[7] was removed.  [C:/Users/FateSerlen/Documents/PHR/Proyecto FPGA/FPGA_CNC_PROYECTO/FPGA_CNC/FPGA_CNC.srcs/sources_1/new/FSM_Main.vhd:95]
---------------------------------------------------------------------------------
Finished RTL Elaboration : Time (s): cpu = 00:00:05 ; elapsed = 00:00:05 . Memory (MB): peak = 1133.855 ; gain = 576.051
---------------------------------------------------------------------------------
---------------------------------------------------------------------------------
Start Handling Custom Attributes
---------------------------------------------------------------------------------
---------------------------------------------------------------------------------
Finished Handling Custom Attributes : Time (s): cpu = 00:00:05 ; elapsed = 00:00:05 . Memory (MB): peak = 1133.855 ; gain = 576.051
---------------------------------------------------------------------------------
---------------------------------------------------------------------------------
Finished RTL Optimization Phase 1 : Time (s): cpu = 00:00:05 ; elapsed = 00:00:05 . Memory (MB): peak = 1133.855 ; gain = 576.051
---------------------------------------------------------------------------------
Netlist sorting complete. Time (s): cpu = 00:00:00 ; elapsed = 00:00:00.004 . Memory (MB): peak = 1133.855 ; gain = 0.000
INFO: [Project 1-570] Preparing netlist for logic optimization

Processing XDC Constraints
Initializing timing engine
Parsing XDC File [C:/Users/FateSerlen/Documents/PHR/Proyecto FPGA/FPGA_CNC_PROYECTO/FPGA_CNC/FPGA_CNC.srcs/constrs_1/imports/Tutorial/Basys3_Master.xdc]
Finished Parsing XDC File [C:/Users/FateSerlen/Documents/PHR/Proyecto FPGA/FPGA_CNC_PROYECTO/FPGA_CNC/FPGA_CNC.srcs/constrs_1/imports/Tutorial/Basys3_Master.xdc]
INFO: [Project 1-236] Implementation specific constraints were found while reading constraint file [C:/Users/FateSerlen/Documents/PHR/Proyecto FPGA/FPGA_CNC_PROYECTO/FPGA_CNC/FPGA_CNC.srcs/constrs_1/imports/Tutorial/Basys3_Master.xdc]. These constraints will be ignored for synthesis but will be used in implementation. Impacted constraints are listed in the file [.Xil/top_level_propImpl.xdc].
Resolution: To avoid this warning, move constraints listed in [.Xil/top_level_propImpl.xdc] to another XDC file and exclude this new file from synthesis with the used_in_synthesis property (File Properties dialog in GUI) and re-run elaboration/synthesis.
Completed Processing XDC Constraints

Netlist sorting complete. Time (s): cpu = 00:00:00 ; elapsed = 00:00:00 . Memory (MB): peak = 1223.156 ; gain = 0.000
INFO: [Project 1-111] Unisim Transformation Summary:
No Unisim elements were transformed.

Constraint Validation Runtime : Time (s): cpu = 00:00:00 ; elapsed = 00:00:00.002 . Memory (MB): peak = 1223.156 ; gain = 0.000
---------------------------------------------------------------------------------
Finished Constraint Validation : Time (s): cpu = 00:00:09 ; elapsed = 00:00:10 . Memory (MB): peak = 1223.156 ; gain = 665.352
---------------------------------------------------------------------------------
---------------------------------------------------------------------------------
Start Loading Part and Timing Information
---------------------------------------------------------------------------------
Loading part: xc7a35ticpg236-1L
---------------------------------------------------------------------------------
Finished Loading Part and Timing Information : Time (s): cpu = 00:00:09 ; elapsed = 00:00:10 . Memory (MB): peak = 1223.156 ; gain = 665.352
---------------------------------------------------------------------------------
---------------------------------------------------------------------------------
Start Applying 'set_property' XDC Constraints
---------------------------------------------------------------------------------
---------------------------------------------------------------------------------
Finished applying 'set_property' XDC Constraints : Time (s): cpu = 00:00:09 ; elapsed = 00:00:10 . Memory (MB): peak = 1223.156 ; gain = 665.352
---------------------------------------------------------------------------------
WARNING: [Synth 8-3936] Found unconnected internal register 'r_rx_buffer_reg[1]' and it is trimmed from '8' to '3' bits. [C:/Users/FateSerlen/Documents/PHR/Proyecto FPGA/FPGA_CNC_PROYECTO/FPGA_CNC/FPGA_CNC.srcs/sources_1/new/FSM_Main.vhd:95]
INFO: [Synth 8-802] inferred FSM for state register 'r_State_reg' in module 'fsm_main'
INFO: [Synth 8-802] inferred FSM for state register 'r_SM_Main_reg' in module 'uart_tx'
INFO: [Synth 8-802] inferred FSM for state register 'r_State_reg' in module 'bresenham_2d'
---------------------------------------------------------------------------------------------------
                   State |                     New Encoding |                Previous Encoding 
---------------------------------------------------------------------------------------------------
             s_wait_sync |                              000 |                              000
       s_receive_payload |                              001 |                              001
          s_start_motion |                              010 |                              010
           s_wait_motion |                              011 |                              011
              s_send_ack |                              100 |                              100
---------------------------------------------------------------------------------------------------
INFO: [Synth 8-3354] encoded FSM with state register 'r_State_reg' using encoding 'sequential' in module 'fsm_main'
---------------------------------------------------------------------------------------------------
                   State |                     New Encoding |                Previous Encoding 
---------------------------------------------------------------------------------------------------
                  s_idle |                               00 |                               00
                 s_start |                               01 |                               01
                  s_data |                               10 |                               10
                  s_stop |                               11 |                               11
---------------------------------------------------------------------------------------------------
INFO: [Synth 8-3354] encoded FSM with state register 'r_SM_Main_reg' using encoding 'sequential' in module 'uart_tx'
---------------------------------------------------------------------------------------------------
                   State |                     New Encoding |                Previous Encoding 
---------------------------------------------------------------------------------------------------
                  s_idle |                               00 |                               00
                 s_setup |                               01 |                               01
                   s_run |                               10 |                               10
                s_finish |                               11 |                               11
---------------------------------------------------------------------------------------------------
INFO: [Synth 8-3354] encoded FSM with state register 'r_State_reg' using encoding 'sequential' in module 'bresenham_2d'
---------------------------------------------------------------------------------
Finished RTL Optimization Phase 2 : Time (s): cpu = 00:00:10 ; elapsed = 00:00:11 . Memory (MB): peak = 1223.156 ; gain = 665.352
---------------------------------------------------------------------------------
---------------------------------------------------------------------------------
Start RTL Component Statistics 
---------------------------------------------------------------------------------
Detailed RTL Component Info : 
+---Adders : 
	   2 Input   18 Bit       Adders := 2     
	   2 Input   17 Bit       Adders := 1     
	   4 Input   17 Bit       Adders := 2     
	   2 Input   16 Bit       Adders := 1     
	   2 Input   11 Bit       Adders := 1     
	   2 Input   10 Bit       Adders := 3     
	   2 Input    3 Bit       Adders := 3     
+---Registers : 
	               17 Bit    Registers := 2     
	               16 Bit    Registers := 6     
	               11 Bit    Registers := 1     
	               10 Bit    Registers := 3     
	                8 Bit    Registers := 8     
	                3 Bit    Registers := 4     
	                2 Bit    Registers := 1     
	                1 Bit    Registers := 14    
+---Muxes : 
	   2 Input   17 Bit        Muxes := 2     
	   4 Input   17 Bit        Muxes := 2     
	   2 Input   16 Bit        Muxes := 1     
	   4 Input   16 Bit        Muxes := 1     
	   4 Input   10 Bit        Muxes := 2     
	   2 Input    8 Bit        Muxes := 1     
	   4 Input    8 Bit        Muxes := 1     
	   4 Input    3 Bit        Muxes := 2     
	   2 Input    3 Bit        Muxes := 3     
	   5 Input    3 Bit        Muxes := 2     
	   2 Input    2 Bit        Muxes := 4     
	   4 Input    2 Bit        Muxes := 3     
	   4 Input    1 Bit        Muxes := 18    
	   2 Input    1 Bit        Muxes := 8     
	   5 Input    1 Bit        Muxes := 10    
---------------------------------------------------------------------------------
Finished RTL Component Statistics 
---------------------------------------------------------------------------------
---------------------------------------------------------------------------------
Start Part Resource Summary
---------------------------------------------------------------------------------
Part Resources:
DSPs: 90 (col length:60)
BRAMs: 100 (col length: RAMB18 60 RAMB36 30)
---------------------------------------------------------------------------------
Finished Part Resource Summary
---------------------------------------------------------------------------------
---------------------------------------------------------------------------------
Start Cross Boundary and Area Optimization
---------------------------------------------------------------------------------
WARNING: [Synth 8-7080] Parallel synthesis criteria is not met
---------------------------------------------------------------------------------
Finished Cross Boundary and Area Optimization : Time (s): cpu = 00:00:12 ; elapsed = 00:00:13 . Memory (MB): peak = 1223.156 ; gain = 665.352
---------------------------------------------------------------------------------
---------------------------------------------------------------------------------
Start Applying XDC Timing Constraints
---------------------------------------------------------------------------------
---------------------------------------------------------------------------------
Finished Applying XDC Timing Constraints : Time (s): cpu = 00:00:15 ; elapsed = 00:00:17 . Memory (MB): peak = 1323.812 ; gain = 766.008
---------------------------------------------------------------------------------
---------------------------------------------------------------------------------
Start Timing Optimization
---------------------------------------------------------------------------------
---------------------------------------------------------------------------------
Finished Timing Optimization : Time (s): cpu = 00:00:16 ; elapsed = 00:00:17 . Memory (MB): peak = 1364.980 ; gain = 807.176
---------------------------------------------------------------------------------
---------------------------------------------------------------------------------
Start Technology Mapping
---------------------------------------------------------------------------------
---------------------------------------------------------------------------------
Finished Technology Mapping : Time (s): cpu = 00:00:16 ; elapsed = 00:00:17 . Memory (MB): peak = 1366.480 ; gain = 808.676
---------------------------------------------------------------------------------
---------------------------------------------------------------------------------
Start IO Insertion
---------------------------------------------------------------------------------
---------------------------------------------------------------------------------
Start Flattening Before IO Insertion
---------------------------------------------------------------------------------
---------------------------------------------------------------------------------
Finished Flattening Before IO Insertion
---------------------------------------------------------------------------------
---------------------------------------------------------------------------------
Start Final Netlist Cleanup
---------------------------------------------------------------------------------
---------------------------------------------------------------------------------
Finished Final Netlist Cleanup
---------------------------------------------------------------------------------
---------------------------------------------------------------------------------
Finished IO Insertion : Time (s): cpu = 00:00:18 ; elapsed = 00:00:20 . Memory (MB): peak = 1557.434 ; gain = 999.629
---------------------------------------------------------------------------------
---------------------------------------------------------------------------------
Start Renaming Generated Instances
---------------------------------------------------------------------------------
---------------------------------------------------------------------------------
Finished Renaming Generated Instances : Time (s): cpu = 00:00:18 ; elapsed = 00:00:20 . Memory (MB): peak = 1557.434 ; gain = 999.629
---------------------------------------------------------------------------------
---------------------------------------------------------------------------------
Start Rebuilding User Hierarchy
---------------------------------------------------------------------------------
---------------------------------------------------------------------------------
Finished Rebuilding User Hierarchy : Time (s): cpu = 00:00:18 ; elapsed = 00:00:20 . Memory (MB): peak = 1557.434 ; gain = 999.629
---------------------------------------------------------------------------------
---------------------------------------------------------------------------------
Start Renaming Generated Ports
---------------------------------------------------------------------------------
---------------------------------------------------------------------------------
Finished Renaming Generated Ports : Time (s): cpu = 00:00:19 ; elapsed = 00:00:20 . Memory (MB): peak = 1557.434 ; gain = 999.629
---------------------------------------------------------------------------------
---------------------------------------------------------------------------------
Start Handling Custom Attributes
---------------------------------------------------------------------------------
---------------------------------------------------------------------------------
Finished Handling Custom Attributes : Time (s): cpu = 00:00:19 ; elapsed = 00:00:20 . Memory (MB): peak = 1557.434 ; gain = 999.629
---------------------------------------------------------------------------------
---------------------------------------------------------------------------------
Start Renaming Generated Nets
---------------------------------------------------------------------------------
---------------------------------------------------------------------------------
Finished Renaming Generated Nets : Time (s): cpu = 00:00:19 ; elapsed = 00:00:20 . Memory (MB): peak = 1557.434 ; gain = 999.629
---------------------------------------------------------------------------------
---------------------------------------------------------------------------------
Start Writing Synthesis Report
---------------------------------------------------------------------------------

Report BlackBoxes: 
+-+--------------+----------+
| |BlackBox name |Instances |
+-+--------------+----------+
+-+--------------+----------+

Report Cell Usage: 
+------+-------+------+
|      |Cell   |Count |
+------+-------+------+
|1     |BUFG   |     1|
|2     |CARRY4 |    38|
|3     |LUT1   |    17|
|4     |LUT2   |    49|
|5     |LUT3   |    35|
|6     |LUT4   |   124|
|7     |LUT5   |    87|
|8     |LUT6   |    46|
|9     |FDCE   |   100|
|10    |FDPE   |     2|
|11    |FDRE   |   141|
|12    |IBUF   |     3|
|13    |OBUF   |     6|
+------+-------+------+
---------------------------------------------------------------------------------
Finished Writing Synthesis Report : Time (s): cpu = 00:00:19 ; elapsed = 00:00:20 . Memory (MB): peak = 1557.434 ; gain = 999.629
---------------------------------------------------------------------------------
Synthesis finished with 0 errors, 0 critical warnings and 2 warnings.
Synthesis Optimization Runtime : Time (s): cpu = 00:00:13 ; elapsed = 00:00:19 . Memory (MB): peak = 1557.434 ; gain = 910.328
Synthesis Optimization Complete : Time (s): cpu = 00:00:19 ; elapsed = 00:00:20 . Memory (MB): peak = 1557.434 ; gain = 999.629
INFO: [Project 1-571] Translating synthesized netlist
Netlist sorting complete. Time (s): cpu = 00:00:00 ; elapsed = 00:00:00.004 . Memory (MB): peak = 1557.434 ; gain = 0.000
INFO: [Netlist 29-17] Analyzing 38 Unisim elements for replacement
INFO: [Netlist 29-28] Unisim Transformation completed in 0 CPU seconds
INFO: [Project 1-570] Preparing netlist for logic optimization
INFO: [Opt 31-138] Pushed 0 inverter(s) to 0 load pin(s).
Netlist sorting complete. Time (s): cpu = 00:00:00 ; elapsed = 00:00:00 . Memory (MB): peak = 1557.434 ; gain = 0.000
INFO: [Project 1-111] Unisim Transformation Summary:
No Unisim elements were transformed.

Synth Design complete | Checksum: 87fe5012
INFO: [Common 17-83] Releasing license: Synthesis
40 Infos, 4 Warnings, 0 Critical Warnings and 0 Errors encountered.
synth_design completed successfully
synth_design: Time (s): cpu = 00:00:21 ; elapsed = 00:00:30 . Memory (MB): peak = 1557.434 ; gain = 1190.918
Write ShapeDB Complete: Time (s): cpu = 00:00:00 ; elapsed = 00:00:00.002 . Memory (MB): peak = 1557.434 ; gain = 0.000
INFO: [Common 17-1381] The checkpoint 'C:/Users/FateSerlen/Documents/PHR/Proyecto FPGA/FPGA_CNC_PROYECTO/FPGA_CNC/FPGA_CNC.runs/synth_1/top_level.dcp' has been generated.
INFO: [Vivado 12-24828] Executing command : report_utilization -file top_level_utilization_synth.rpt -pb top_level_utilization_synth.pb
INFO: [Common 17-206] Exiting Vivado at Mon May  4 18:05:28 2026...
