#-----------------------------------------------------------
# Vivado v2024.2 (64-bit)
# SW Build 5239630 on Fri Nov 08 22:35:27 MST 2024
# IP Build 5239520 on Sun Nov 10 16:12:51 MST 2024
# SharedData Build 5239561 on Fri Nov 08 14:39:27 MST 2024
# Start of session at: Wed Jun  3 22:15:48 2026
# Process ID         : 14744
# Current directory  : C:/Users/FateSerlen/Downloads/FPGA_CNC_PROYECTO/FPGA_CNC_PROYECTO/FPGA_CNC_version_homing
# Command line       : vivado.exe -gui_launcher_event rodinguilauncherevent2448 C:\Users\FateSerlen\Downloads\FPGA_CNC_PROYECTO\FPGA_CNC_PROYECTO\FPGA_CNC_version_homing\FPGA_CNC.xpr
# Log file           : C:/Users/FateSerlen/Downloads/FPGA_CNC_PROYECTO/FPGA_CNC_PROYECTO/FPGA_CNC_version_homing/vivado.log
# Journal file       : C:/Users/FateSerlen/Downloads/FPGA_CNC_PROYECTO/FPGA_CNC_PROYECTO/FPGA_CNC_version_homing\vivado.jou
# Running On         : DESKTOP-V1QRO9U
# Platform           : Windows Server 2016 or Windows 10
# Operating System   : 26200
# Processor Detail   : 13th Gen Intel(R) Core(TM) i5-13400F
# CPU Frequency      : 2496 MHz
# CPU Physical cores : 10
# CPU Logical cores  : 16
# Host memory        : 16924 MB
# Swap memory        : 19327 MB
# Total Virtual      : 36251 MB
# Available Virtual  : 17251 MB
#-----------------------------------------------------------
start_gui
open_project C:/Users/FateSerlen/Downloads/FPGA_CNC_PROYECTO/FPGA_CNC_PROYECTO/FPGA_CNC_version_homing/FPGA_CNC.xpr
INFO: [ProjectBase 1-489] The host OS only allows 260 characters in a normal path. The project is stored in a path with more than 80 characters. If you experience issues with IP, Block Designs, or files not being found, please consider moving the project to a location with a shorter path. Alternately consider using the OS subst command to map part of the path to a drive letter.
Current project path is 'C:/Users/FateSerlen/Downloads/FPGA_CNC_PROYECTO/FPGA_CNC_PROYECTO/FPGA_CNC_version_homing'
INFO: [Project 1-313] Project file moved from 'C:/Users/FateSerlen/Documents/PHR/Proyecto FPGA/FPGA_CNC_PROYECTO/FPGA_CNC' since last save.
INFO: [filemgmt 56-3] Default IP Output Path : Could not find the directory 'C:/Users/FateSerlen/Downloads/FPGA_CNC_PROYECTO/FPGA_CNC_PROYECTO/FPGA_CNC_version_homing/FPGA_CNC.gen/sources_1'.
Scanning sources...
Finished scanning sources
INFO: [IP_Flow 19-234] Refreshing IP repositories
INFO: [IP_Flow 19-1704] No user IP repositories specified
INFO: [IP_Flow 19-2313] Loaded Vivado IP repository 'D:/Xilinx/Vivado/2024.2/data/ip'.
update_compile_order -fileset sources_1
exit
INFO: [Common 17-206] Exiting Vivado at Wed Jun  3 22:16:08 2026...
