Copyright 1986-2022 Xilinx, Inc. All Rights Reserved. Copyright 2022-2024 Advanced Micro Devices, Inc. All Rights Reserved.
---------------------------------------------------------------------------------------------------------------------------------------------
| Tool Version : Vivado v.2024.2 (win64) Build 5239630 Fri Nov 08 22:35:27 MST 2024
| Date         : Mon May  4 18:05:53 2026
| Host         : DESKTOP-V1QRO9U running 64-bit major release  (build 9200)
| Command      : report_control_sets -verbose -file top_level_control_sets_placed.rpt
| Design       : top_level
| Device       : xc7a35ti
---------------------------------------------------------------------------------------------------------------------------------------------

Control Set Information

Table of Contents
-----------------
1. Summary
2. Histogram
3. Flip-Flop Distribution
4. Detailed Control Set Information

1. Summary
----------

+----------------------------------------------------------+-------+
|                          Status                          | Count |
+----------------------------------------------------------+-------+
| Total control sets                                       |    22 |
|    Minimum number of control sets                        |    22 |
|    Addition due to synthesis replication                 |     0 |
|    Addition due to physical synthesis replication        |     0 |
| Unused register locations in slices containing registers |    85 |
+----------------------------------------------------------+-------+
* Control sets can be merged at opt_design using control_set_merge or merge_equivalent_drivers
** Run report_qor_suggestions for automated merging and remapping suggestions


2. Histogram
------------

+--------------------+-------+
|       Fanout       | Count |
+--------------------+-------+
| Total control sets |    22 |
| >= 0 to < 4        |     9 |
| >= 4 to < 6        |     1 |
| >= 6 to < 8        |     0 |
| >= 8 to < 10       |     5 |
| >= 10 to < 12      |     1 |
| >= 12 to < 14      |     0 |
| >= 14 to < 16      |     0 |
| >= 16              |     6 |
+--------------------+-------+
* Control sets can be remapped at either synth_design or opt_design


3. Flip-Flop Distribution
-------------------------

+--------------+-----------------------+------------------------+-----------------+--------------+
| Clock Enable | Synchronous Set/Reset | Asynchronous Set/Reset | Total Registers | Total Slices |
+--------------+-----------------------+------------------------+-----------------+--------------+
| No           | No                    | No                     |               3 |            1 |
| No           | No                    | Yes                    |              49 |           19 |
| No           | Yes                   | No                     |               0 |            0 |
| Yes          | No                    | No                     |             118 |           39 |
| Yes          | No                    | Yes                    |              53 |           15 |
| Yes          | Yes                   | No                     |              20 |            9 |
+--------------+-----------------------+------------------------+-----------------+--------------+


4. Detailed Control Set Information
-----------------------------------

+----------------+-------------------------------------+-----------------------------------------+------------------+----------------+--------------+
|  Clock Signal  |            Enable Signal            |             Set/Reset Signal            | Slice Load Count | Bel Load Count | Bels / Slice |
+----------------+-------------------------------------+-----------------------------------------+------------------+----------------+--------------+
|  clk_IBUF_BUFG | Inst_UART_RX/r_Data[1]_i_1_n_0      |                                         |                1 |              1 |         1.00 |
|  clk_IBUF_BUFG | Inst_UART_RX/r_Data[0]_i_1_n_0      |                                         |                1 |              1 |         1.00 |
|  clk_IBUF_BUFG | Inst_UART_RX/r_Data[2]_i_1_n_0      |                                         |                1 |              1 |         1.00 |
|  clk_IBUF_BUFG | Inst_UART_RX/r_Data[4]_i_1_n_0      |                                         |                1 |              1 |         1.00 |
|  clk_IBUF_BUFG | Inst_UART_RX/r_Data[3]_i_1_n_0      |                                         |                1 |              1 |         1.00 |
|  clk_IBUF_BUFG | Inst_UART_RX/r_Data[6]_i_1_n_0      |                                         |                1 |              1 |         1.00 |
|  clk_IBUF_BUFG | Inst_UART_RX/r_Data[5]_i_1_n_0      |                                         |                1 |              1 |         1.00 |
|  clk_IBUF_BUFG | Inst_UART_RX/r_Data[7]_i_1_n_0      |                                         |                1 |              1 |         1.00 |
|  clk_IBUF_BUFG |                                     |                                         |                1 |              3 |         3.00 |
|  clk_IBUF_BUFG | Inst_Bresenham/err_x0               | Inst_Bresenham/err_x[16]_i_1_n_0        |                4 |              4 |         1.00 |
|  clk_IBUF_BUFG | Inst_FSM_Main/r_rx_buffer_reg[5]0   |                                         |                3 |              8 |         2.67 |
|  clk_IBUF_BUFG | Inst_FSM_Main/r_rx_buffer_reg[3]0   |                                         |                2 |              8 |         4.00 |
|  clk_IBUF_BUFG | Inst_FSM_Main/r_rx_buffer_reg[4]0   |                                         |                3 |              8 |         2.67 |
|  clk_IBUF_BUFG | Inst_FSM_Main/r_rx_buffer_reg[2]0   |                                         |                2 |              8 |         4.00 |
|  clk_IBUF_BUFG | Inst_UART_RX/data_out[7]_i_1_n_0    | reset_IBUF                              |                4 |              8 |         2.00 |
|  clk_IBUF_BUFG | Inst_UART_RX/r_Clk_Count[9]_i_1_n_0 | reset_IBUF                              |                3 |             10 |         3.33 |
|  clk_IBUF_BUFG | Inst_Bresenham/r_step_count0        | Inst_Bresenham/r_step_count[15]_i_1_n_0 |                5 |             16 |         3.20 |
|  clk_IBUF_BUFG | Inst_Bresenham/r_max_steps0         |                                         |                2 |             16 |         8.00 |
|  clk_IBUF_BUFG | Inst_Bresenham/err_x0               |                                         |               11 |             30 |         2.73 |
|  clk_IBUF_BUFG | Inst_Bresenham/r_steps_x0           |                                         |                8 |             32 |         4.00 |
|  clk_IBUF_BUFG | Inst_FSM_Main/dir_x_i_1_n_0         | reset_IBUF                              |                8 |             35 |         4.38 |
|  clk_IBUF_BUFG |                                     | reset_IBUF                              |               19 |             49 |         2.58 |
+----------------+-------------------------------------+-----------------------------------------+------------------+----------------+--------------+


